<?xml version="1.0" encoding="UTF-8"?>
<testsuite xmlns:xsi="http://www.w3.org/2001/XMLSchema-instance" xsi:noNamespaceSchemaLocation="https://maven.apache.org/surefire/maven-surefire-plugin/xsd/surefire-test-report-3.0.xsd" version="3.0" name="com.trip.UserPreferenceIntegrationTests" time="0.683" tests="9" errors="0" skipped="0" failures="0">
  <properties>
[...]
</properties>
  <testcase name="putPreferenceShouldRejectMissingToken" classname="com.trip.UserPreferenceIntegrationTests" time="0.006">
    <system-out><![CDATA[2026-06-10T16:12:46.894+08:00  INFO 45544 --- [trip-backend] [           main] t.c.s.AnnotationConfigContextLoaderUtils : Could not detect default configuration classes for test class [com.trip.UserPreferenceIntegrationTests]: UserPreferenceIntegrationTests does not declare any static, non-private, non-final, nested classes annotated with @Configuration.
2026-06-10T16:12:46.895+08:00  INFO 45544 --- [trip-backend] [           main] .b.t.c.SpringBootTestContextBootstrapper : Found @SpringBootConfiguration com.trip.TripApplication for test class com.trip.UserPreferenceIntegrationTests
]]></system-out>
  </testcase>
  <testcase name="getPreferenceShouldRejectMissingToken" classname="com.trip.UserPreferenceIntegrationTests" time="0.003"/>
  <testcase name="putPreferenceShouldRejectTooLongCustomText" classname="com.trip.UserPreferenceIntegrationTests" time="0.092">
    <system-out><![CDATA[2026-06-10T16:12:46.966+08:00 DEBUG 45544 --- [trip-backend] [           main] com.trip.mapper.UserMapper.insert        : ==>  Preparing: INSERT INTO user ( username, password_hash, nickname, role, status ) VALUES ( ?, ?, ?, ?, ? )
2026-06-10T16:12:46.966+08:00 DEBUG 45544 --- [trip-backend] [           main] com.trip.mapper.UserMapper.insert        : ==> Parameters: test_pref_c4428b265bf9(String), $2a$10$cdkGmZORl3T000RRAWWKl.mCAHr2V4LHBYRfnMHgSnvpvfSa2DHrm(String), 测试偏好用户(String), user(String), 1(Integer)
2026-06-10T16:12:46.977+08:00 DEBUG 45544 --- [trip-backend] [           main] com.trip.mapper.UserMapper.insert        : <==    Updates: 1
2026-06-10T16:12:46.990+08:00 DEBUG 45544 --- [trip-backend] [           main] c.t.mapper.UserPreferenceMapper.delete   : ==>  Preparing: DELETE FROM user_preference WHERE (user_id IN (?))
2026-06-10T16:12:46.991+08:00 DEBUG 45544 --- [trip-backend] [           main] c.t.mapper.UserPreferenceMapper.delete   : ==> Parameters: 591(Long)
2026-06-10T16:12:46.991+08:00 DEBUG 45544 --- [trip-backend] [           main] c.t.mapper.UserPreferenceMapper.delete   : <==    Updates: 0
2026-06-10T16:12:46.992+08:00 DEBUG 45544 --- [trip-backend] [           main] com.trip.mapper.UserMapper.delete        : ==>  Preparing: DELETE FROM user WHERE (id IN (?))
2026-06-10T16:12:46.992+08:00 DEBUG 45544 --- [trip-backend] [           main] com.trip.mapper.UserMapper.delete        : ==> Parameters: 591(Long)
2026-06-10T16:12:46.997+08:00 DEBUG 45544 --- [trip-backend] [           main] com.trip.mapper.UserMapper.delete        : <==    Updates: 1
]]></system-out>
  </testcase>
  <testcase name="putPreferenceShouldCreateAndReturnCurrentPreference" classname="com.trip.UserPreferenceIntegrationTests" time="0.099">
    <system-out><![CDATA[2026-06-10T16:12:47.056+08:00 DEBUG 45544 --- [trip-backend] [           main] com.trip.mapper.UserMapper.insert        : ==>  Preparing: INSERT INTO user ( username, password_hash, nickname, role, status ) VALUES ( ?, ?, ?, ?, ? )
2026-06-10T16:12:47.056+08:00 DEBUG 45544 --- [trip-backend] [           main] com.trip.mapper.UserMapper.insert        : ==> Parameters: test_pref_f84a9579c3db(String), $2a$10$h9X9CTOReTlAAn6RGFgsbuD9NGBUCFJXd6nl8eH5u8zBmwu5iPf1C(String), 测试偏好用户(String), user(String), 1(Integer)
2026-06-10T16:12:47.062+08:00 DEBUG 45544 --- [trip-backend] [           main] com.trip.mapper.UserMapper.insert        : <==    Updates: 1
2026-06-10T16:12:47.065+08:00 DEBUG 45544 --- [trip-backend] [           main] com.trip.mapper.UserMapper.selectById    : ==>  Preparing: SELECT id,username,password_hash,nickname,avatar_url,role,status,created_at,updated_at FROM user WHERE id=?
2026-06-10T16:12:47.066+08:00 DEBUG 45544 --- [trip-backend] [           main] com.trip.mapper.UserMapper.selectById    : ==> Parameters: 592(Long)
2026-06-10T16:12:47.066+08:00 DEBUG 45544 --- [trip-backend] [           main] com.trip.mapper.UserMapper.selectById    : <==      Total: 1
2026-06-10T16:12:47.068+08:00 DEBUG 45544 --- [trip-backend] [           main] c.t.m.UserPreferenceMapper.selectList    : ==>  Preparing: SELECT id,user_id,prefer_hot_level,prefer_theme,prefer_food_type,prefer_crowd_level,travel_style,custom_preference_text,created_at,updated_at FROM user_preference WHERE (user_id = ?)
2026-06-10T16:12:47.068+08:00 DEBUG 45544 --- [trip-backend] [           main] c.t.m.UserPreferenceMapper.selectList    : ==> Parameters: 592(Long)
2026-06-10T16:12:47.069+08:00 DEBUG 45544 --- [trip-backend] [           main] c.t.m.UserPreferenceMapper.selectList    : <==      Total: 0
2026-06-10T16:12:47.070+08:00 DEBUG 45544 --- [trip-backend] [           main] c.t.mapper.UserPreferenceMapper.insert   : ==>  Preparing: INSERT INTO user_preference ( user_id, prefer_hot_level, prefer_theme, prefer_food_type, prefer_crowd_level, travel_style, custom_preference_text ) VALUES ( ?, ?, ?, ?, ?, ?, ? )
2026-06-10T16:12:47.071+08:00 DEBUG 45544 --- [trip-backend] [           main] c.t.mapper.UserPreferenceMapper.insert   : ==> Parameters: 592(Long), 3(Integer), ["人文建筑型","自然景观型"](String), 面食(String), 2(Integer), 轻松(String), 更喜欢安静、人少、适合拍照的地方(String)
2026-06-10T16:12:47.072+08:00 DEBUG 45544 --- [trip-backend] [           main] c.t.mapper.UserPreferenceMapper.insert   : <==    Updates: 1
2026-06-10T16:12:47.080+08:00 DEBUG 45544 --- [trip-backend] [           main] c.t.m.UserPreferenceMapper.selectCount   : ==>  Preparing: SELECT COUNT( * ) AS total FROM user_preference WHERE (user_id = ?)
2026-06-10T16:12:47.080+08:00 DEBUG 45544 --- [trip-backend] [           main] c.t.m.UserPreferenceMapper.selectCount   : ==> Parameters: 592(Long)
2026-06-10T16:12:47.082+08:00 DEBUG 45544 --- [trip-backend] [           main] c.t.m.UserPreferenceMapper.selectCount   : <==      Total: 1
2026-06-10T16:12:47.082+08:00 DEBUG 45544 --- [trip-backend] [           main] c.t.mapper.UserPreferenceMapper.delete   : ==>  Preparing: DELETE FROM user_preference WHERE (user_id IN (?))
2026-06-10T16:12:47.082+08:00 DEBUG 45544 --- [trip-backend] [           main] c.t.mapper.UserPreferenceMapper.delete   : ==> Parameters: 592(Long)
2026-06-10T16:12:47.091+08:00 DEBUG 45544 --- [trip-backend] [           main] c.t.mapper.UserPreferenceMapper.delete   : <==    Updates: 1
2026-06-10T16:12:47.091+08:00 DEBUG 45544 --- [trip-backend] [           main] com.trip.mapper.UserMapper.delete        : ==>  Preparing: DELETE FROM user WHERE (id IN (?))
2026-06-10T16:12:47.092+08:00 DEBUG 45544 --- [trip-backend] [           main] com.trip.mapper.UserMapper.delete        : ==> Parameters: 592(Long)
2026-06-10T16:12:47.096+08:00 DEBUG 45544 --- [trip-backend] [           main] com.trip.mapper.UserMapper.delete        : <==    Updates: 1
]]></system-out>
  </testcase>
  <testcase name="preferenceShouldBeIsolatedByCurrentUser" classname="com.trip.UserPreferenceIntegrationTests" time="0.15">
    <system-out><![CDATA[2026-06-10T16:12:47.151+08:00 DEBUG 45544 --- [trip-backend] [           main] com.trip.mapper.UserMapper.insert        : ==>  Preparing: INSERT INTO user ( username, password_hash, nickname, role, status ) VALUES ( ?, ?, ?, ?, ? )
2026-06-10T16:12:47.152+08:00 DEBUG 45544 --- [trip-backend] [           main] com.trip.mapper.UserMapper.insert        : ==> Parameters: test_pref_e6a35716ba95(String), $2a$10$kgcZQPERAU.VCyIYeN3/TuuX5xPXwz0DXqqh7yk5Wd9bWUEAYAVcW(String), 测试偏好用户(String), user(String), 1(Integer)
2026-06-10T16:12:47.162+08:00 DEBUG 45544 --- [trip-backend] [           main] com.trip.mapper.UserMapper.insert        : <==    Updates: 1
2026-06-10T16:12:47.215+08:00 DEBUG 45544 --- [trip-backend] [           main] com.trip.mapper.UserMapper.insert        : ==>  Preparing: INSERT INTO user ( username, password_hash, nickname, role, status ) VALUES ( ?, ?, ?, ?, ? )
2026-06-10T16:12:47.216+08:00 DEBUG 45544 --- [trip-backend] [           main] com.trip.mapper.UserMapper.insert        : ==> Parameters: test_pref_6af4d27baed7(String), $2a$10$g7fXCCmNaKydZ2krmQzcyewgN6l6.oOqY/3fDoKqG88C/mCvvDcCy(String), 测试偏好用户(String), user(String), 1(Integer)
2026-06-10T16:12:47.221+08:00 DEBUG 45544 --- [trip-backend] [           main] com.trip.mapper.UserMapper.insert        : <==    Updates: 1
2026-06-10T16:12:47.224+08:00 DEBUG 45544 --- [trip-backend] [           main] com.trip.mapper.UserMapper.selectById    : ==>  Preparing: SELECT id,username,password_hash,nickname,avatar_url,role,status,created_at,updated_at FROM user WHERE id=?
2026-06-10T16:12:47.224+08:00 DEBUG 45544 --- [trip-backend] [           main] com.trip.mapper.UserMapper.selectById    : ==> Parameters: 593(Long)
2026-06-10T16:12:47.225+08:00 DEBUG 45544 --- [trip-backend] [           main] com.trip.mapper.UserMapper.selectById    : <==      Total: 1
2026-06-10T16:12:47.225+08:00 DEBUG 45544 --- [trip-backend] [           main] c.t.m.UserPreferenceMapper.selectList    : ==>  Preparing: SELECT id,user_id,prefer_hot_level,prefer_theme,prefer_food_type,prefer_crowd_level,travel_style,custom_preference_text,created_at,updated_at FROM user_preference WHERE (user_id = ?)
2026-06-10T16:12:47.225+08:00 DEBUG 45544 --- [trip-backend] [           main] c.t.m.UserPreferenceMapper.selectList    : ==> Parameters: 593(Long)
2026-06-10T16:12:47.226+08:00 DEBUG 45544 --- [trip-backend] [           main] c.t.m.UserPreferenceMapper.selectList    : <==      Total: 0
2026-06-10T16:12:47.226+08:00 DEBUG 45544 --- [trip-backend] [           main] c.t.mapper.UserPreferenceMapper.insert   : ==>  Preparing: INSERT INTO user_preference ( user_id, prefer_hot_level, prefer_theme, prefer_food_type, prefer_crowd_level, travel_style, custom_preference_text ) VALUES ( ?, ?, ?, ?, ?, ?, ? )
2026-06-10T16:12:47.226+08:00 DEBUG 45544 --- [trip-backend] [           main] c.t.mapper.UserPreferenceMapper.insert   : ==> Parameters: 593(Long), 3(Integer), ["人文建筑型"](String), 面食(String), 2(Integer), 轻松(String), 更喜欢安静、人少、适合拍照的地方(String)
2026-06-10T16:12:47.227+08:00 DEBUG 45544 --- [trip-backend] [           main] c.t.mapper.UserPreferenceMapper.insert   : <==    Updates: 1
2026-06-10T16:12:47.234+08:00 DEBUG 45544 --- [trip-backend] [           main] com.trip.mapper.UserMapper.selectById    : ==>  Preparing: SELECT id,username,password_hash,nickname,avatar_url,role,status,created_at,updated_at FROM user WHERE id=?
2026-06-10T16:12:47.234+08:00 DEBUG 45544 --- [trip-backend] [           main] com.trip.mapper.UserMapper.selectById    : ==> Parameters: 594(Long)
2026-06-10T16:12:47.235+08:00 DEBUG 45544 --- [trip-backend] [           main] com.trip.mapper.UserMapper.selectById    : <==      Total: 1
2026-06-10T16:12:47.235+08:00 DEBUG 45544 --- [trip-backend] [           main] c.t.m.UserPreferenceMapper.selectList    : ==>  Preparing: SELECT id,user_id,prefer_hot_level,prefer_theme,prefer_food_type,prefer_crowd_level,travel_style,custom_preference_text,created_at,updated_at FROM user_preference WHERE (user_id = ?)
2026-06-10T16:12:47.235+08:00 DEBUG 45544 --- [trip-backend] [           main] c.t.m.UserPreferenceMapper.selectList    : ==> Parameters: 594(Long)
2026-06-10T16:12:47.236+08:00 DEBUG 45544 --- [trip-backend] [           main] c.t.m.UserPreferenceMapper.selectList    : <==      Total: 0
2026-06-10T16:12:47.238+08:00 DEBUG 45544 --- [trip-backend] [           main] c.t.mapper.UserPreferenceMapper.delete   : ==>  Preparing: DELETE FROM user_preference WHERE (user_id IN (?,?))
2026-06-10T16:12:47.238+08:00 DEBUG 45544 --- [trip-backend] [           main] c.t.mapper.UserPreferenceMapper.delete   : ==> Parameters: 593(Long), 594(Long)
2026-06-10T16:12:47.241+08:00 DEBUG 45544 --- [trip-backend] [           main] c.t.mapper.UserPreferenceMapper.delete   : <==    Updates: 1
2026-06-10T16:12:47.241+08:00 DEBUG 45544 --- [trip-backend] [           main] com.trip.mapper.UserMapper.delete        : ==>  Preparing: DELETE FROM user WHERE (id IN (?,?))
2026-06-10T16:12:47.242+08:00 DEBUG 45544 --- [trip-backend] [           main] com.trip.mapper.UserMapper.delete        : ==> Parameters: 593(Long), 594(Long)
2026-06-10T16:12:47.246+08:00 DEBUG 45544 --- [trip-backend] [           main] com.trip.mapper.UserMapper.delete        : <==    Updates: 2
]]></system-out>
  </testcase>
  <testcase name="putPreferenceShouldUpdateExistingPreference" classname="com.trip.UserPreferenceIntegrationTests" time="0.1">
    <system-out><![CDATA[2026-06-10T16:12:47.302+08:00 DEBUG 45544 --- [trip-backend] [           main] com.trip.mapper.UserMapper.insert        : ==>  Preparing: INSERT INTO user ( username, password_hash, nickname, role, status ) VALUES ( ?, ?, ?, ?, ? )
2026-06-10T16:12:47.303+08:00 DEBUG 45544 --- [trip-backend] [           main] com.trip.mapper.UserMapper.insert        : ==> Parameters: test_pref_0c9b5b22c7e4(String), $2a$10$tpliHhWCrYl5O/4nFz9iy.4yFSya/WLWL0rq2Q666lS.F3PKNK9LG(String), 测试偏好用户(String), user(String), 1(Integer)
2026-06-10T16:12:47.314+08:00 DEBUG 45544 --- [trip-backend] [           main] com.trip.mapper.UserMapper.insert        : <==    Updates: 1
2026-06-10T16:12:47.317+08:00 DEBUG 45544 --- [trip-backend] [           main] com.trip.mapper.UserMapper.selectById    : ==>  Preparing: SELECT id,username,password_hash,nickname,avatar_url,role,status,created_at,updated_at FROM user WHERE id=?
2026-06-10T16:12:47.317+08:00 DEBUG 45544 --- [trip-backend] [           main] com.trip.mapper.UserMapper.selectById    : ==> Parameters: 595(Long)
2026-06-10T16:12:47.318+08:00 DEBUG 45544 --- [trip-backend] [           main] com.trip.mapper.UserMapper.selectById    : <==      Total: 1
2026-06-10T16:12:47.318+08:00 DEBUG 45544 --- [trip-backend] [           main] c.t.m.UserPreferenceMapper.selectList    : ==>  Preparing: SELECT id,user_id,prefer_hot_level,prefer_theme,prefer_food_type,prefer_crowd_level,travel_style,custom_preference_text,created_at,updated_at FROM user_preference WHERE (user_id = ?)
2026-06-10T16:12:47.318+08:00 DEBUG 45544 --- [trip-backend] [           main] c.t.m.UserPreferenceMapper.selectList    : ==> Parameters: 595(Long)
2026-06-10T16:12:47.319+08:00 DEBUG 45544 --- [trip-backend] [           main] c.t.m.UserPreferenceMapper.selectList    : <==      Total: 0
2026-06-10T16:12:47.319+08:00 DEBUG 45544 --- [trip-backend] [           main] c.t.mapper.UserPreferenceMapper.insert   : ==>  Preparing: INSERT INTO user_preference ( user_id, prefer_hot_level, prefer_theme, prefer_food_type, prefer_crowd_level, travel_style, custom_preference_text ) VALUES ( ?, ?, ?, ?, ?, ?, ? )
2026-06-10T16:12:47.319+08:00 DEBUG 45544 --- [trip-backend] [           main] c.t.mapper.UserPreferenceMapper.insert   : ==> Parameters: 595(Long), 3(Integer), ["人文建筑型","自然景观型"](String), 面食(String), 2(Integer), 轻松(String), 更喜欢安静、人少、适合拍照的地方(String)
2026-06-10T16:12:47.320+08:00 DEBUG 45544 --- [trip-backend] [           main] c.t.mapper.UserPreferenceMapper.insert   : <==    Updates: 1
2026-06-10T16:12:47.327+08:00 DEBUG 45544 --- [trip-backend] [           main] com.trip.mapper.UserMapper.selectById    : ==>  Preparing: SELECT id,username,password_hash,nickname,avatar_url,role,status,created_at,updated_at FROM user WHERE id=?
2026-06-10T16:12:47.327+08:00 DEBUG 45544 --- [trip-backend] [           main] com.trip.mapper.UserMapper.selectById    : ==> Parameters: 595(Long)
2026-06-10T16:12:47.328+08:00 DEBUG 45544 --- [trip-backend] [           main] com.trip.mapper.UserMapper.selectById    : <==      Total: 1
2026-06-10T16:12:47.328+08:00 DEBUG 45544 --- [trip-backend] [           main] c.t.m.UserPreferenceMapper.selectList    : ==>  Preparing: SELECT id,user_id,prefer_hot_level,prefer_theme,prefer_food_type,prefer_crowd_level,travel_style,custom_preference_text,created_at,updated_at FROM user_preference WHERE (user_id = ?)
2026-06-10T16:12:47.328+08:00 DEBUG 45544 --- [trip-backend] [           main] c.t.m.UserPreferenceMapper.selectList    : ==> Parameters: 595(Long)
2026-06-10T16:12:47.329+08:00 DEBUG 45544 --- [trip-backend] [           main] c.t.m.UserPreferenceMapper.selectList    : <==      Total: 1
2026-06-10T16:12:47.330+08:00 DEBUG 45544 --- [trip-backend] [           main] c.t.m.UserPreferenceMapper.updateById    : ==>  Preparing: UPDATE user_preference SET user_id=?, prefer_hot_level=?, prefer_theme=?, prefer_food_type=?, prefer_crowd_level=?, travel_style=?, custom_preference_text=?, created_at=?, updated_at=? WHERE id=?
2026-06-10T16:12:47.330+08:00 DEBUG 45544 --- [trip-backend] [           main] c.t.m.UserPreferenceMapper.updateById    : ==> Parameters: 595(Long), 5(Integer), ["繁华商城型"](String), 面食(String), 2(Integer), 轻松(String), 更喜欢安静、人少、适合拍照的地方(String), 2026-06-10T16:12:47(LocalDateTime), 2026-06-10T16:12:47(LocalDateTime), 189(Long)
2026-06-10T16:12:47.332+08:00 DEBUG 45544 --- [trip-backend] [           main] c.t.m.UserPreferenceMapper.updateById    : <==    Updates: 1
2026-06-10T16:12:47.333+08:00 DEBUG 45544 --- [trip-backend] [           main] c.t.m.UserPreferenceMapper.selectById    : ==>  Preparing: SELECT id,user_id,prefer_hot_level,prefer_theme,prefer_food_type,prefer_crowd_level,travel_style,custom_preference_text,created_at,updated_at FROM user_preference WHERE id=?
2026-06-10T16:12:47.333+08:00 DEBUG 45544 --- [trip-backend] [           main] c.t.m.UserPreferenceMapper.selectById    : ==> Parameters: 189(Long)
2026-06-10T16:12:47.333+08:00 DEBUG 45544 --- [trip-backend] [           main] c.t.m.UserPreferenceMapper.selectById    : <==      Total: 1
2026-06-10T16:12:47.338+08:00 DEBUG 45544 --- [trip-backend] [           main] c.t.m.UserPreferenceMapper.selectCount   : ==>  Preparing: SELECT COUNT( * ) AS total FROM user_preference WHERE (user_id = ?)
2026-06-10T16:12:47.338+08:00 DEBUG 45544 --- [trip-backend] [           main] c.t.m.UserPreferenceMapper.selectCount   : ==> Parameters: 595(Long)
2026-06-10T16:12:47.339+08:00 DEBUG 45544 --- [trip-backend] [           main] c.t.m.UserPreferenceMapper.selectCount   : <==      Total: 1
2026-06-10T16:12:47.340+08:00 DEBUG 45544 --- [trip-backend] [           main] c.t.mapper.UserPreferenceMapper.delete   : ==>  Preparing: DELETE FROM user_preference WHERE (user_id IN (?))
2026-06-10T16:12:47.340+08:00 DEBUG 45544 --- [trip-backend] [           main] c.t.mapper.UserPreferenceMapper.delete   : ==> Parameters: 595(Long)
2026-06-10T16:12:47.344+08:00 DEBUG 45544 --- [trip-backend] [           main] c.t.mapper.UserPreferenceMapper.delete   : <==    Updates: 1
2026-06-10T16:12:47.344+08:00 DEBUG 45544 --- [trip-backend] [           main] com.trip.mapper.UserMapper.delete        : ==>  Preparing: DELETE FROM user WHERE (id IN (?))
2026-06-10T16:12:47.345+08:00 DEBUG 45544 --- [trip-backend] [           main] com.trip.mapper.UserMapper.delete        : ==> Parameters: 595(Long)
2026-06-10T16:12:47.349+08:00 DEBUG 45544 --- [trip-backend] [           main] com.trip.mapper.UserMapper.delete        : <==    Updates: 1
]]></system-out>
  </testcase>
  <testcase name="putPreferenceShouldRejectInvalidLevel" classname="com.trip.UserPreferenceIntegrationTests" time="0.079">
    <system-out><![CDATA[2026-06-10T16:12:47.403+08:00 DEBUG 45544 --- [trip-backend] [           main] com.trip.mapper.UserMapper.insert        : ==>  Preparing: INSERT INTO user ( username, password_hash, nickname, role, status ) VALUES ( ?, ?, ?, ?, ? )
2026-06-10T16:12:47.404+08:00 DEBUG 45544 --- [trip-backend] [           main] com.trip.mapper.UserMapper.insert        : ==> Parameters: test_pref_85ea8a0a83a4(String), $2a$10$sNeFIZrCgq/49SQQDxE9TOnP/7PJA6PX/JfQVdzl1GDMYvkrgqXbm(String), 测试偏好用户(String), user(String), 1(Integer)
2026-06-10T16:12:47.419+08:00 DEBUG 45544 --- [trip-backend] [           main] com.trip.mapper.UserMapper.insert        : <==    Updates: 1
2026-06-10T16:12:47.423+08:00 DEBUG 45544 --- [trip-backend] [           main] c.t.mapper.UserPreferenceMapper.delete   : ==>  Preparing: DELETE FROM user_preference WHERE (user_id IN (?))
2026-06-10T16:12:47.423+08:00 DEBUG 45544 --- [trip-backend] [           main] c.t.mapper.UserPreferenceMapper.delete   : ==> Parameters: 596(Long)
2026-06-10T16:12:47.424+08:00 DEBUG 45544 --- [trip-backend] [           main] c.t.mapper.UserPreferenceMapper.delete   : <==    Updates: 0
2026-06-10T16:12:47.424+08:00 DEBUG 45544 --- [trip-backend] [           main] com.trip.mapper.UserMapper.delete        : ==>  Preparing: DELETE FROM user WHERE (id IN (?))
2026-06-10T16:12:47.424+08:00 DEBUG 45544 --- [trip-backend] [           main] com.trip.mapper.UserMapper.delete        : ==> Parameters: 596(Long)
2026-06-10T16:12:47.428+08:00 DEBUG 45544 --- [trip-backend] [           main] com.trip.mapper.UserMapper.delete        : <==    Updates: 1
]]></system-out>
  </testcase>
  <testcase name="getPreferenceShouldReturnEmptyPreferenceWhenNotSet" classname="com.trip.UserPreferenceIntegrationTests" time="0.074">
    <system-out><![CDATA[2026-06-10T16:12:47.481+08:00 DEBUG 45544 --- [trip-backend] [           main] com.trip.mapper.UserMapper.insert        : ==>  Preparing: INSERT INTO user ( username, password_hash, nickname, role, status ) VALUES ( ?, ?, ?, ?, ? )
2026-06-10T16:12:47.481+08:00 DEBUG 45544 --- [trip-backend] [           main] com.trip.mapper.UserMapper.insert        : ==> Parameters: test_pref_1c7cee6382f1(String), $2a$10$w6p8c3q5CH7luCRLQuUrfOxUgnPMCoCYtL9HXr7rBRyhfiD4T7Cta(String), 测试偏好用户(String), user(String), 1(Integer)
2026-06-10T16:12:47.492+08:00 DEBUG 45544 --- [trip-backend] [           main] com.trip.mapper.UserMapper.insert        : <==    Updates: 1
2026-06-10T16:12:47.494+08:00 DEBUG 45544 --- [trip-backend] [           main] com.trip.mapper.UserMapper.selectById    : ==>  Preparing: SELECT id,username,password_hash,nickname,avatar_url,role,status,created_at,updated_at FROM user WHERE id=?
2026-06-10T16:12:47.494+08:00 DEBUG 45544 --- [trip-backend] [           main] com.trip.mapper.UserMapper.selectById    : ==> Parameters: 597(Long)
2026-06-10T16:12:47.495+08:00 DEBUG 45544 --- [trip-backend] [           main] com.trip.mapper.UserMapper.selectById    : <==      Total: 1
2026-06-10T16:12:47.495+08:00 DEBUG 45544 --- [trip-backend] [           main] c.t.m.UserPreferenceMapper.selectList    : ==>  Preparing: SELECT id,user_id,prefer_hot_level,prefer_theme,prefer_food_type,prefer_crowd_level,travel_style,custom_preference_text,created_at,updated_at FROM user_preference WHERE (user_id = ?)
2026-06-10T16:12:47.495+08:00 DEBUG 45544 --- [trip-backend] [           main] c.t.m.UserPreferenceMapper.selectList    : ==> Parameters: 597(Long)
2026-06-10T16:12:47.496+08:00 DEBUG 45544 --- [trip-backend] [           main] c.t.m.UserPreferenceMapper.selectList    : <==      Total: 0
2026-06-10T16:12:47.497+08:00 DEBUG 45544 --- [trip-backend] [           main] c.t.mapper.UserPreferenceMapper.delete   : ==>  Preparing: DELETE FROM user_preference WHERE (user_id IN (?))
2026-06-10T16:12:47.497+08:00 DEBUG 45544 --- [trip-backend] [           main] c.t.mapper.UserPreferenceMapper.delete   : ==> Parameters: 597(Long)
2026-06-10T16:12:47.498+08:00 DEBUG 45544 --- [trip-backend] [           main] c.t.mapper.UserPreferenceMapper.delete   : <==    Updates: 0
2026-06-10T16:12:47.498+08:00 DEBUG 45544 --- [trip-backend] [           main] com.trip.mapper.UserMapper.delete        : ==>  Preparing: DELETE FROM user WHERE (id IN (?))
2026-06-10T16:12:47.498+08:00 DEBUG 45544 --- [trip-backend] [           main] com.trip.mapper.UserMapper.delete        : ==> Parameters: 597(Long)
2026-06-10T16:12:47.503+08:00 DEBUG 45544 --- [trip-backend] [           main] com.trip.mapper.UserMapper.delete        : <==    Updates: 1
]]></system-out>
  </testcase>
  <testcase name="putPreferenceShouldRejectTooManyThemes" classname="com.trip.UserPreferenceIntegrationTests" time="0.072">
    <system-out><![CDATA[2026-06-10T16:12:47.556+08:00 DEBUG 45544 --- [trip-backend] [           main] com.trip.mapper.UserMapper.insert        : ==>  Preparing: INSERT INTO user ( username, password_hash, nickname, role, status ) VALUES ( ?, ?, ?, ?, ? )
2026-06-10T16:12:47.556+08:00 DEBUG 45544 --- [trip-backend] [           main] com.trip.mapper.UserMapper.insert        : ==> Parameters: test_pref_cb2b30cf32db(String), $2a$10$tgyvmcgJHUns1ask9Pv8CuqSXLgUgUgY0ypIo2vjQL7mLhdtGjRfO(String), 测试偏好用户(String), user(String), 1(Integer)
2026-06-10T16:12:47.564+08:00 DEBUG 45544 --- [trip-backend] [           main] com.trip.mapper.UserMapper.insert        : <==    Updates: 1
2026-06-10T16:12:47.569+08:00 DEBUG 45544 --- [trip-backend] [           main] c.t.mapper.UserPreferenceMapper.delete   : ==>  Preparing: DELETE FROM user_preference WHERE (user_id IN (?))
2026-06-10T16:12:47.569+08:00 DEBUG 45544 --- [trip-backend] [           main] c.t.mapper.UserPreferenceMapper.delete   : ==> Parameters: 598(Long)
2026-06-10T16:12:47.570+08:00 DEBUG 45544 --- [trip-backend] [           main] c.t.mapper.UserPreferenceMapper.delete   : <==    Updates: 0
2026-06-10T16:12:47.570+08:00 DEBUG 45544 --- [trip-backend] [           main] com.trip.mapper.UserMapper.delete        : ==>  Preparing: DELETE FROM user WHERE (id IN (?))
2026-06-10T16:12:47.570+08:00 DEBUG 45544 --- [trip-backend] [           main] com.trip.mapper.UserMapper.delete        : ==> Parameters: 598(Long)
2026-06-10T16:12:47.575+08:00 DEBUG 45544 --- [trip-backend] [           main] com.trip.mapper.UserMapper.delete        : <==    Updates: 1
]]></system-out>
  </testcase>
</testsuite>