<?xml version="1.0" encoding="UTF-8"?>
<testsuite xmlns:xsi="http://www.w3.org/2001/XMLSchema-instance" xsi:noNamespaceSchemaLocation="https://maven.apache.org/surefire/maven-surefire-plugin/xsd/surefire-test-report-3.0.xsd" version="3.0" name="com.trip.UserPreferenceIntegrationTests" time="0.701" tests="9" errors="0" skipped="0" failures="0">
  <properties>
[...]
</properties>
  <testcase name="putPreferenceShouldRejectMissingToken" classname="com.trip.UserPreferenceIntegrationTests" time="0.016">
    <system-out><![CDATA[2026-05-07T17:25:10.565+08:00  INFO 34164 --- [trip-backend] [           main] t.c.s.AnnotationConfigContextLoaderUtils : Could not detect default configuration classes for test class [com.trip.UserPreferenceIntegrationTests]: UserPreferenceIntegrationTests does not declare any static, non-private, non-final, nested classes annotated with @Configuration.
2026-05-07T17:25:10.565+08:00  INFO 34164 --- [trip-backend] [           main] .b.t.c.SpringBootTestContextBootstrapper : Found @SpringBootConfiguration com.trip.TripApplication for test class com.trip.UserPreferenceIntegrationTests
]]></system-out>
  </testcase>
  <testcase name="getPreferenceShouldRejectMissingToken" classname="com.trip.UserPreferenceIntegrationTests" time="0.0"/>
  <testcase name="putPreferenceShouldRejectTooLongCustomText" classname="com.trip.UserPreferenceIntegrationTests" time="0.114">
    <system-out><![CDATA[2026-05-07T17:25:10.645+08:00 DEBUG 34164 --- [trip-backend] [           main] com.trip.mapper.UserMapper.insert        : ==>  Preparing: INSERT INTO user ( username, password_hash, nickname, role, status ) VALUES ( ?, ?, ?, ?, ? )
2026-05-07T17:25:10.656+08:00 DEBUG 34164 --- [trip-backend] [           main] com.trip.mapper.UserMapper.insert        : ==> Parameters: test_pref_981228833b7d(String), $2a$10$H7PzvEHmGK6PkQx60EjiSO3yRSW5qMd4oGJk/0uxgX.Hk3n7Hh1Ii(String), 测试偏好用户(String), user(String), 1(Integer)
2026-05-07T17:25:10.661+08:00 DEBUG 34164 --- [trip-backend] [           main] com.trip.mapper.UserMapper.insert        : <==    Updates: 1
2026-05-07T17:25:10.676+08:00 DEBUG 34164 --- [trip-backend] [           main] c.t.mapper.UserPreferenceMapper.delete   : ==>  Preparing: DELETE FROM user_preference WHERE (user_id IN (?))
2026-05-07T17:25:10.676+08:00 DEBUG 34164 --- [trip-backend] [           main] c.t.mapper.UserPreferenceMapper.delete   : ==> Parameters: 156(Long)
2026-05-07T17:25:10.676+08:00 DEBUG 34164 --- [trip-backend] [           main] c.t.mapper.UserPreferenceMapper.delete   : <==    Updates: 0
2026-05-07T17:25:10.676+08:00 DEBUG 34164 --- [trip-backend] [           main] com.trip.mapper.UserMapper.delete        : ==>  Preparing: DELETE FROM user WHERE (id IN (?))
2026-05-07T17:25:10.676+08:00 DEBUG 34164 --- [trip-backend] [           main] com.trip.mapper.UserMapper.delete        : ==> Parameters: 156(Long)
2026-05-07T17:25:10.692+08:00 DEBUG 34164 --- [trip-backend] [           main] com.trip.mapper.UserMapper.delete        : <==    Updates: 1
]]></system-out>
  </testcase>
  <testcase name="putPreferenceShouldCreateAndReturnCurrentPreference" classname="com.trip.UserPreferenceIntegrationTests" time="0.093">
    <system-out><![CDATA[2026-05-07T17:25:10.740+08:00 DEBUG 34164 --- [trip-backend] [           main] com.trip.mapper.UserMapper.insert        : ==>  Preparing: INSERT INTO user ( username, password_hash, nickname, role, status ) VALUES ( ?, ?, ?, ?, ? )
2026-05-07T17:25:10.740+08:00 DEBUG 34164 --- [trip-backend] [           main] com.trip.mapper.UserMapper.insert        : ==> Parameters: test_pref_fa3446bf30fa(String), $2a$10$oQimf7ZBAlWLHiNz9Cvs/.yLpfMYHa0Y2ogB1Uly7b/iD6XyDAW76(String), 测试偏好用户(String), user(String), 1(Integer)
2026-05-07T17:25:10.740+08:00 DEBUG 34164 --- [trip-backend] [           main] com.trip.mapper.UserMapper.insert        : <==    Updates: 1
2026-05-07T17:25:10.758+08:00 DEBUG 34164 --- [trip-backend] [           main] com.trip.mapper.UserMapper.selectById    : ==>  Preparing: SELECT id,username,password_hash,nickname,avatar_url,role,status,created_at,updated_at FROM user WHERE id=?
2026-05-07T17:25:10.758+08:00 DEBUG 34164 --- [trip-backend] [           main] com.trip.mapper.UserMapper.selectById    : ==> Parameters: 157(Long)
2026-05-07T17:25:10.761+08:00 DEBUG 34164 --- [trip-backend] [           main] com.trip.mapper.UserMapper.selectById    : <==      Total: 1
2026-05-07T17:25:10.761+08:00 DEBUG 34164 --- [trip-backend] [           main] c.t.m.UserPreferenceMapper.selectList    : ==>  Preparing: SELECT id,user_id,prefer_hot_level,prefer_theme,prefer_food_type,prefer_crowd_level,travel_style,custom_preference_text,created_at,updated_at FROM user_preference WHERE (user_id = ?)
2026-05-07T17:25:10.761+08:00 DEBUG 34164 --- [trip-backend] [           main] c.t.m.UserPreferenceMapper.selectList    : ==> Parameters: 157(Long)
2026-05-07T17:25:10.761+08:00 DEBUG 34164 --- [trip-backend] [           main] c.t.m.UserPreferenceMapper.selectList    : <==      Total: 0
2026-05-07T17:25:10.761+08:00 DEBUG 34164 --- [trip-backend] [           main] c.t.mapper.UserPreferenceMapper.insert   : ==>  Preparing: INSERT INTO user_preference ( user_id, prefer_hot_level, prefer_theme, prefer_food_type, prefer_crowd_level, travel_style, custom_preference_text ) VALUES ( ?, ?, ?, ?, ?, ?, ? )
2026-05-07T17:25:10.766+08:00 DEBUG 34164 --- [trip-backend] [           main] c.t.mapper.UserPreferenceMapper.insert   : ==> Parameters: 157(Long), 3(Integer), ["人文建筑型","自然景观型"](String), 面食(String), 2(Integer), 轻松(String), 更喜欢安静、人少、适合拍照的地方(String)
2026-05-07T17:25:10.767+08:00 DEBUG 34164 --- [trip-backend] [           main] c.t.mapper.UserPreferenceMapper.insert   : <==    Updates: 1
2026-05-07T17:25:10.777+08:00 DEBUG 34164 --- [trip-backend] [           main] c.t.m.UserPreferenceMapper.selectCount   : ==>  Preparing: SELECT COUNT( * ) AS total FROM user_preference WHERE (user_id = ?)
2026-05-07T17:25:10.777+08:00 DEBUG 34164 --- [trip-backend] [           main] c.t.m.UserPreferenceMapper.selectCount   : ==> Parameters: 157(Long)
2026-05-07T17:25:10.777+08:00 DEBUG 34164 --- [trip-backend] [           main] c.t.m.UserPreferenceMapper.selectCount   : <==      Total: 1
2026-05-07T17:25:10.777+08:00 DEBUG 34164 --- [trip-backend] [           main] c.t.mapper.UserPreferenceMapper.delete   : ==>  Preparing: DELETE FROM user_preference WHERE (user_id IN (?))
2026-05-07T17:25:10.777+08:00 DEBUG 34164 --- [trip-backend] [           main] c.t.mapper.UserPreferenceMapper.delete   : ==> Parameters: 157(Long)
2026-05-07T17:25:10.777+08:00 DEBUG 34164 --- [trip-backend] [           main] c.t.mapper.UserPreferenceMapper.delete   : <==    Updates: 1
2026-05-07T17:25:10.777+08:00 DEBUG 34164 --- [trip-backend] [           main] com.trip.mapper.UserMapper.delete        : ==>  Preparing: DELETE FROM user WHERE (id IN (?))
2026-05-07T17:25:10.777+08:00 DEBUG 34164 --- [trip-backend] [           main] com.trip.mapper.UserMapper.delete        : ==> Parameters: 157(Long)
2026-05-07T17:25:10.788+08:00 DEBUG 34164 --- [trip-backend] [           main] com.trip.mapper.UserMapper.delete        : <==    Updates: 1
]]></system-out>
  </testcase>
  <testcase name="preferenceShouldBeIsolatedByCurrentUser" classname="com.trip.UserPreferenceIntegrationTests" time="0.145">
    <system-out><![CDATA[2026-05-07T17:25:10.835+08:00 DEBUG 34164 --- [trip-backend] [           main] com.trip.mapper.UserMapper.insert        : ==>  Preparing: INSERT INTO user ( username, password_hash, nickname, role, status ) VALUES ( ?, ?, ?, ?, ? )
2026-05-07T17:25:10.835+08:00 DEBUG 34164 --- [trip-backend] [           main] com.trip.mapper.UserMapper.insert        : ==> Parameters: test_pref_0e1ae8f633cd(String), $2a$10$OQuZMnvm8026MjH8SW0YV.OD0zDP339NddqdcVHazGX/XlbxkrEW.(String), 测试偏好用户(String), user(String), 1(Integer)
2026-05-07T17:25:10.851+08:00 DEBUG 34164 --- [trip-backend] [           main] com.trip.mapper.UserMapper.insert        : <==    Updates: 1
2026-05-07T17:25:10.897+08:00 DEBUG 34164 --- [trip-backend] [           main] com.trip.mapper.UserMapper.insert        : ==>  Preparing: INSERT INTO user ( username, password_hash, nickname, role, status ) VALUES ( ?, ?, ?, ?, ? )
2026-05-07T17:25:10.897+08:00 DEBUG 34164 --- [trip-backend] [           main] com.trip.mapper.UserMapper.insert        : ==> Parameters: test_pref_419d3e163bfd(String), $2a$10$iDCad9ktUfxntkHGDgMJBuAPSqxyRmfqETmNa5ETt3SrXvzkpweRO(String), 测试偏好用户(String), user(String), 1(Integer)
2026-05-07T17:25:10.897+08:00 DEBUG 34164 --- [trip-backend] [           main] com.trip.mapper.UserMapper.insert        : <==    Updates: 1
2026-05-07T17:25:10.915+08:00 DEBUG 34164 --- [trip-backend] [           main] com.trip.mapper.UserMapper.selectById    : ==>  Preparing: SELECT id,username,password_hash,nickname,avatar_url,role,status,created_at,updated_at FROM user WHERE id=?
2026-05-07T17:25:10.915+08:00 DEBUG 34164 --- [trip-backend] [           main] com.trip.mapper.UserMapper.selectById    : ==> Parameters: 158(Long)
2026-05-07T17:25:10.915+08:00 DEBUG 34164 --- [trip-backend] [           main] com.trip.mapper.UserMapper.selectById    : <==      Total: 1
2026-05-07T17:25:10.915+08:00 DEBUG 34164 --- [trip-backend] [           main] c.t.m.UserPreferenceMapper.selectList    : ==>  Preparing: SELECT id,user_id,prefer_hot_level,prefer_theme,prefer_food_type,prefer_crowd_level,travel_style,custom_preference_text,created_at,updated_at FROM user_preference WHERE (user_id = ?)
2026-05-07T17:25:10.915+08:00 DEBUG 34164 --- [trip-backend] [           main] c.t.m.UserPreferenceMapper.selectList    : ==> Parameters: 158(Long)
2026-05-07T17:25:10.915+08:00 DEBUG 34164 --- [trip-backend] [           main] c.t.m.UserPreferenceMapper.selectList    : <==      Total: 0
2026-05-07T17:25:10.915+08:00 DEBUG 34164 --- [trip-backend] [           main] c.t.mapper.UserPreferenceMapper.insert   : ==>  Preparing: INSERT INTO user_preference ( user_id, prefer_hot_level, prefer_theme, prefer_food_type, prefer_crowd_level, travel_style, custom_preference_text ) VALUES ( ?, ?, ?, ?, ?, ?, ? )
2026-05-07T17:25:10.915+08:00 DEBUG 34164 --- [trip-backend] [           main] c.t.mapper.UserPreferenceMapper.insert   : ==> Parameters: 158(Long), 3(Integer), ["人文建筑型"](String), 面食(String), 2(Integer), 轻松(String), 更喜欢安静、人少、适合拍照的地方(String)
2026-05-07T17:25:10.915+08:00 DEBUG 34164 --- [trip-backend] [           main] c.t.mapper.UserPreferenceMapper.insert   : <==    Updates: 1
2026-05-07T17:25:10.928+08:00 DEBUG 34164 --- [trip-backend] [           main] com.trip.mapper.UserMapper.selectById    : ==>  Preparing: SELECT id,username,password_hash,nickname,avatar_url,role,status,created_at,updated_at FROM user WHERE id=?
2026-05-07T17:25:10.928+08:00 DEBUG 34164 --- [trip-backend] [           main] com.trip.mapper.UserMapper.selectById    : ==> Parameters: 159(Long)
2026-05-07T17:25:10.929+08:00 DEBUG 34164 --- [trip-backend] [           main] com.trip.mapper.UserMapper.selectById    : <==      Total: 1
2026-05-07T17:25:10.929+08:00 DEBUG 34164 --- [trip-backend] [           main] c.t.m.UserPreferenceMapper.selectList    : ==>  Preparing: SELECT id,user_id,prefer_hot_level,prefer_theme,prefer_food_type,prefer_crowd_level,travel_style,custom_preference_text,created_at,updated_at FROM user_preference WHERE (user_id = ?)
2026-05-07T17:25:10.929+08:00 DEBUG 34164 --- [trip-backend] [           main] c.t.m.UserPreferenceMapper.selectList    : ==> Parameters: 159(Long)
2026-05-07T17:25:10.929+08:00 DEBUG 34164 --- [trip-backend] [           main] c.t.m.UserPreferenceMapper.selectList    : <==      Total: 0
2026-05-07T17:25:10.933+08:00 DEBUG 34164 --- [trip-backend] [           main] c.t.mapper.UserPreferenceMapper.delete   : ==>  Preparing: DELETE FROM user_preference WHERE (user_id IN (?,?))
2026-05-07T17:25:10.933+08:00 DEBUG 34164 --- [trip-backend] [           main] c.t.mapper.UserPreferenceMapper.delete   : ==> Parameters: 158(Long), 159(Long)
2026-05-07T17:25:10.933+08:00 DEBUG 34164 --- [trip-backend] [           main] c.t.mapper.UserPreferenceMapper.delete   : <==    Updates: 1
2026-05-07T17:25:10.933+08:00 DEBUG 34164 --- [trip-backend] [           main] com.trip.mapper.UserMapper.delete        : ==>  Preparing: DELETE FROM user WHERE (id IN (?,?))
2026-05-07T17:25:10.933+08:00 DEBUG 34164 --- [trip-backend] [           main] com.trip.mapper.UserMapper.delete        : ==> Parameters: 158(Long), 159(Long)
2026-05-07T17:25:10.933+08:00 DEBUG 34164 --- [trip-backend] [           main] com.trip.mapper.UserMapper.delete        : <==    Updates: 2
]]></system-out>
  </testcase>
  <testcase name="putPreferenceShouldUpdateExistingPreference" classname="com.trip.UserPreferenceIntegrationTests" time="0.118">
    <system-out><![CDATA[2026-05-07T17:25:10.992+08:00 DEBUG 34164 --- [trip-backend] [           main] com.trip.mapper.UserMapper.insert        : ==>  Preparing: INSERT INTO user ( username, password_hash, nickname, role, status ) VALUES ( ?, ?, ?, ?, ? )
2026-05-07T17:25:10.997+08:00 DEBUG 34164 --- [trip-backend] [           main] com.trip.mapper.UserMapper.insert        : ==> Parameters: test_pref_b1f068a58759(String), $2a$10$Q73Jlg5d0m8M52KlKsRaCeOYtI5j8obEZ18LlfsPjNFjahsGKFcC6(String), 测试偏好用户(String), user(String), 1(Integer)
2026-05-07T17:25:10.997+08:00 DEBUG 34164 --- [trip-backend] [           main] com.trip.mapper.UserMapper.insert        : <==    Updates: 1
2026-05-07T17:25:11.008+08:00 DEBUG 34164 --- [trip-backend] [           main] com.trip.mapper.UserMapper.selectById    : ==>  Preparing: SELECT id,username,password_hash,nickname,avatar_url,role,status,created_at,updated_at FROM user WHERE id=?
2026-05-07T17:25:11.008+08:00 DEBUG 34164 --- [trip-backend] [           main] com.trip.mapper.UserMapper.selectById    : ==> Parameters: 160(Long)
2026-05-07T17:25:11.008+08:00 DEBUG 34164 --- [trip-backend] [           main] com.trip.mapper.UserMapper.selectById    : <==      Total: 1
2026-05-07T17:25:11.011+08:00 DEBUG 34164 --- [trip-backend] [           main] c.t.m.UserPreferenceMapper.selectList    : ==>  Preparing: SELECT id,user_id,prefer_hot_level,prefer_theme,prefer_food_type,prefer_crowd_level,travel_style,custom_preference_text,created_at,updated_at FROM user_preference WHERE (user_id = ?)
2026-05-07T17:25:11.011+08:00 DEBUG 34164 --- [trip-backend] [           main] c.t.m.UserPreferenceMapper.selectList    : ==> Parameters: 160(Long)
2026-05-07T17:25:11.011+08:00 DEBUG 34164 --- [trip-backend] [           main] c.t.m.UserPreferenceMapper.selectList    : <==      Total: 0
2026-05-07T17:25:11.011+08:00 DEBUG 34164 --- [trip-backend] [           main] c.t.mapper.UserPreferenceMapper.insert   : ==>  Preparing: INSERT INTO user_preference ( user_id, prefer_hot_level, prefer_theme, prefer_food_type, prefer_crowd_level, travel_style, custom_preference_text ) VALUES ( ?, ?, ?, ?, ?, ?, ? )
2026-05-07T17:25:11.011+08:00 DEBUG 34164 --- [trip-backend] [           main] c.t.mapper.UserPreferenceMapper.insert   : ==> Parameters: 160(Long), 3(Integer), ["人文建筑型","自然景观型"](String), 面食(String), 2(Integer), 轻松(String), 更喜欢安静、人少、适合拍照的地方(String)
2026-05-07T17:25:11.011+08:00 DEBUG 34164 --- [trip-backend] [           main] c.t.mapper.UserPreferenceMapper.insert   : <==    Updates: 1
2026-05-07T17:25:11.015+08:00 DEBUG 34164 --- [trip-backend] [           main] com.trip.mapper.UserMapper.selectById    : ==>  Preparing: SELECT id,username,password_hash,nickname,avatar_url,role,status,created_at,updated_at FROM user WHERE id=?
2026-05-07T17:25:11.015+08:00 DEBUG 34164 --- [trip-backend] [           main] com.trip.mapper.UserMapper.selectById    : ==> Parameters: 160(Long)
2026-05-07T17:25:11.023+08:00 DEBUG 34164 --- [trip-backend] [           main] com.trip.mapper.UserMapper.selectById    : <==      Total: 1
2026-05-07T17:25:11.023+08:00 DEBUG 34164 --- [trip-backend] [           main] c.t.m.UserPreferenceMapper.selectList    : ==>  Preparing: SELECT id,user_id,prefer_hot_level,prefer_theme,prefer_food_type,prefer_crowd_level,travel_style,custom_preference_text,created_at,updated_at FROM user_preference WHERE (user_id = ?)
2026-05-07T17:25:11.023+08:00 DEBUG 34164 --- [trip-backend] [           main] c.t.m.UserPreferenceMapper.selectList    : ==> Parameters: 160(Long)
2026-05-07T17:25:11.023+08:00 DEBUG 34164 --- [trip-backend] [           main] c.t.m.UserPreferenceMapper.selectList    : <==      Total: 1
2026-05-07T17:25:11.023+08:00 DEBUG 34164 --- [trip-backend] [           main] c.t.m.UserPreferenceMapper.updateById    : ==>  Preparing: UPDATE user_preference SET user_id=?, prefer_hot_level=?, prefer_theme=?, prefer_food_type=?, prefer_crowd_level=?, travel_style=?, custom_preference_text=?, created_at=?, updated_at=? WHERE id=?
2026-05-07T17:25:11.029+08:00 DEBUG 34164 --- [trip-backend] [           main] c.t.m.UserPreferenceMapper.updateById    : ==> Parameters: 160(Long), 5(Integer), ["繁华商城型"](String), 面食(String), 2(Integer), 轻松(String), 更喜欢安静、人少、适合拍照的地方(String), 2026-05-07T17:25:11(LocalDateTime), 2026-05-07T17:25:11(LocalDateTime), 30(Long)
2026-05-07T17:25:11.033+08:00 DEBUG 34164 --- [trip-backend] [           main] c.t.m.UserPreferenceMapper.updateById    : <==    Updates: 1
2026-05-07T17:25:11.033+08:00 DEBUG 34164 --- [trip-backend] [           main] c.t.m.UserPreferenceMapper.selectById    : ==>  Preparing: SELECT id,user_id,prefer_hot_level,prefer_theme,prefer_food_type,prefer_crowd_level,travel_style,custom_preference_text,created_at,updated_at FROM user_preference WHERE id=?
2026-05-07T17:25:11.033+08:00 DEBUG 34164 --- [trip-backend] [           main] c.t.m.UserPreferenceMapper.selectById    : ==> Parameters: 30(Long)
2026-05-07T17:25:11.033+08:00 DEBUG 34164 --- [trip-backend] [           main] c.t.m.UserPreferenceMapper.selectById    : <==      Total: 1
2026-05-07T17:25:11.039+08:00 DEBUG 34164 --- [trip-backend] [           main] c.t.m.UserPreferenceMapper.selectCount   : ==>  Preparing: SELECT COUNT( * ) AS total FROM user_preference WHERE (user_id = ?)
2026-05-07T17:25:11.039+08:00 DEBUG 34164 --- [trip-backend] [           main] c.t.m.UserPreferenceMapper.selectCount   : ==> Parameters: 160(Long)
2026-05-07T17:25:11.039+08:00 DEBUG 34164 --- [trip-backend] [           main] c.t.m.UserPreferenceMapper.selectCount   : <==      Total: 1
2026-05-07T17:25:11.039+08:00 DEBUG 34164 --- [trip-backend] [           main] c.t.mapper.UserPreferenceMapper.delete   : ==>  Preparing: DELETE FROM user_preference WHERE (user_id IN (?))
2026-05-07T17:25:11.039+08:00 DEBUG 34164 --- [trip-backend] [           main] c.t.mapper.UserPreferenceMapper.delete   : ==> Parameters: 160(Long)
2026-05-07T17:25:11.039+08:00 DEBUG 34164 --- [trip-backend] [           main] c.t.mapper.UserPreferenceMapper.delete   : <==    Updates: 1
2026-05-07T17:25:11.039+08:00 DEBUG 34164 --- [trip-backend] [           main] com.trip.mapper.UserMapper.delete        : ==>  Preparing: DELETE FROM user WHERE (id IN (?))
2026-05-07T17:25:11.039+08:00 DEBUG 34164 --- [trip-backend] [           main] com.trip.mapper.UserMapper.delete        : ==> Parameters: 160(Long)
2026-05-07T17:25:11.051+08:00 DEBUG 34164 --- [trip-backend] [           main] com.trip.mapper.UserMapper.delete        : <==    Updates: 1
]]></system-out>
  </testcase>
  <testcase name="putPreferenceShouldRejectInvalidLevel" classname="com.trip.UserPreferenceIntegrationTests" time="0.071">
    <system-out><![CDATA[2026-05-07T17:25:11.102+08:00 DEBUG 34164 --- [trip-backend] [           main] com.trip.mapper.UserMapper.insert        : ==>  Preparing: INSERT INTO user ( username, password_hash, nickname, role, status ) VALUES ( ?, ?, ?, ?, ? )
2026-05-07T17:25:11.102+08:00 DEBUG 34164 --- [trip-backend] [           main] com.trip.mapper.UserMapper.insert        : ==> Parameters: test_pref_5af9e74808ec(String), $2a$10$gF4mIJwlN0DzqqySc24q8uIa7f16Y3ZIghMZfe23.p826ioXao0XC(String), 测试偏好用户(String), user(String), 1(Integer)
2026-05-07T17:25:11.109+08:00 DEBUG 34164 --- [trip-backend] [           main] com.trip.mapper.UserMapper.insert        : <==    Updates: 1
2026-05-07T17:25:11.119+08:00 DEBUG 34164 --- [trip-backend] [           main] c.t.mapper.UserPreferenceMapper.delete   : ==>  Preparing: DELETE FROM user_preference WHERE (user_id IN (?))
2026-05-07T17:25:11.119+08:00 DEBUG 34164 --- [trip-backend] [           main] c.t.mapper.UserPreferenceMapper.delete   : ==> Parameters: 161(Long)
2026-05-07T17:25:11.119+08:00 DEBUG 34164 --- [trip-backend] [           main] c.t.mapper.UserPreferenceMapper.delete   : <==    Updates: 0
2026-05-07T17:25:11.119+08:00 DEBUG 34164 --- [trip-backend] [           main] com.trip.mapper.UserMapper.delete        : ==>  Preparing: DELETE FROM user WHERE (id IN (?))
2026-05-07T17:25:11.119+08:00 DEBUG 34164 --- [trip-backend] [           main] com.trip.mapper.UserMapper.delete        : ==> Parameters: 161(Long)
2026-05-07T17:25:11.122+08:00 DEBUG 34164 --- [trip-backend] [           main] com.trip.mapper.UserMapper.delete        : <==    Updates: 1
]]></system-out>
  </testcase>
  <testcase name="getPreferenceShouldReturnEmptyPreferenceWhenNotSet" classname="com.trip.UserPreferenceIntegrationTests" time="0.075">
    <system-out><![CDATA[2026-05-07T17:25:11.164+08:00 DEBUG 34164 --- [trip-backend] [           main] com.trip.mapper.UserMapper.insert        : ==>  Preparing: INSERT INTO user ( username, password_hash, nickname, role, status ) VALUES ( ?, ?, ?, ?, ? )
2026-05-07T17:25:11.164+08:00 DEBUG 34164 --- [trip-backend] [           main] com.trip.mapper.UserMapper.insert        : ==> Parameters: test_pref_0591ec73f674(String), $2a$10$EMxXPFs9muFAatMAfOWCeOjdJWWgVerjcLF7Y8efP/9Pbvg1uIxvm(String), 测试偏好用户(String), user(String), 1(Integer)
2026-05-07T17:25:11.180+08:00 DEBUG 34164 --- [trip-backend] [           main] com.trip.mapper.UserMapper.insert        : <==    Updates: 1
2026-05-07T17:25:11.180+08:00 DEBUG 34164 --- [trip-backend] [           main] com.trip.mapper.UserMapper.selectById    : ==>  Preparing: SELECT id,username,password_hash,nickname,avatar_url,role,status,created_at,updated_at FROM user WHERE id=?
2026-05-07T17:25:11.180+08:00 DEBUG 34164 --- [trip-backend] [           main] com.trip.mapper.UserMapper.selectById    : ==> Parameters: 162(Long)
2026-05-07T17:25:11.180+08:00 DEBUG 34164 --- [trip-backend] [           main] com.trip.mapper.UserMapper.selectById    : <==      Total: 1
2026-05-07T17:25:11.180+08:00 DEBUG 34164 --- [trip-backend] [           main] c.t.m.UserPreferenceMapper.selectList    : ==>  Preparing: SELECT id,user_id,prefer_hot_level,prefer_theme,prefer_food_type,prefer_crowd_level,travel_style,custom_preference_text,created_at,updated_at FROM user_preference WHERE (user_id = ?)
2026-05-07T17:25:11.180+08:00 DEBUG 34164 --- [trip-backend] [           main] c.t.m.UserPreferenceMapper.selectList    : ==> Parameters: 162(Long)
2026-05-07T17:25:11.180+08:00 DEBUG 34164 --- [trip-backend] [           main] c.t.m.UserPreferenceMapper.selectList    : <==      Total: 0
2026-05-07T17:25:11.180+08:00 DEBUG 34164 --- [trip-backend] [           main] c.t.mapper.UserPreferenceMapper.delete   : ==>  Preparing: DELETE FROM user_preference WHERE (user_id IN (?))
2026-05-07T17:25:11.180+08:00 DEBUG 34164 --- [trip-backend] [           main] c.t.mapper.UserPreferenceMapper.delete   : ==> Parameters: 162(Long)
2026-05-07T17:25:11.180+08:00 DEBUG 34164 --- [trip-backend] [           main] c.t.mapper.UserPreferenceMapper.delete   : <==    Updates: 0
2026-05-07T17:25:11.180+08:00 DEBUG 34164 --- [trip-backend] [           main] com.trip.mapper.UserMapper.delete        : ==>  Preparing: DELETE FROM user WHERE (id IN (?))
2026-05-07T17:25:11.180+08:00 DEBUG 34164 --- [trip-backend] [           main] com.trip.mapper.UserMapper.delete        : ==> Parameters: 162(Long)
2026-05-07T17:25:11.197+08:00 DEBUG 34164 --- [trip-backend] [           main] com.trip.mapper.UserMapper.delete        : <==    Updates: 1
]]></system-out>
  </testcase>
  <testcase name="putPreferenceShouldRejectTooManyThemes" classname="com.trip.UserPreferenceIntegrationTests" time="0.069">
    <system-out><![CDATA[2026-05-07T17:25:11.245+08:00 DEBUG 34164 --- [trip-backend] [           main] com.trip.mapper.UserMapper.insert        : ==>  Preparing: INSERT INTO user ( username, password_hash, nickname, role, status ) VALUES ( ?, ?, ?, ?, ? )
2026-05-07T17:25:11.245+08:00 DEBUG 34164 --- [trip-backend] [           main] com.trip.mapper.UserMapper.insert        : ==> Parameters: test_pref_b26212616346(String), $2a$10$YS/GQPDan324CwK7IrSaoeNLZg2Fj7LsslKq7racmt2LLQjL..2xO(String), 测试偏好用户(String), user(String), 1(Integer)
2026-05-07T17:25:11.259+08:00 DEBUG 34164 --- [trip-backend] [           main] com.trip.mapper.UserMapper.insert        : <==    Updates: 1
2026-05-07T17:25:11.263+08:00 DEBUG 34164 --- [trip-backend] [           main] c.t.mapper.UserPreferenceMapper.delete   : ==>  Preparing: DELETE FROM user_preference WHERE (user_id IN (?))
2026-05-07T17:25:11.263+08:00 DEBUG 34164 --- [trip-backend] [           main] c.t.mapper.UserPreferenceMapper.delete   : ==> Parameters: 163(Long)
2026-05-07T17:25:11.263+08:00 DEBUG 34164 --- [trip-backend] [           main] c.t.mapper.UserPreferenceMapper.delete   : <==    Updates: 0
2026-05-07T17:25:11.263+08:00 DEBUG 34164 --- [trip-backend] [           main] com.trip.mapper.UserMapper.delete        : ==>  Preparing: DELETE FROM user WHERE (id IN (?))
2026-05-07T17:25:11.263+08:00 DEBUG 34164 --- [trip-backend] [           main] com.trip.mapper.UserMapper.delete        : ==> Parameters: 163(Long)
2026-05-07T17:25:11.266+08:00 DEBUG 34164 --- [trip-backend] [           main] com.trip.mapper.UserMapper.delete        : <==    Updates: 1
]]></system-out>
  </testcase>
</testsuite>