<?xml version="1.0" encoding="UTF-8"?>
<testsuite xmlns:xsi="http://www.w3.org/2001/XMLSchema-instance" xsi:noNamespaceSchemaLocation="https://maven.apache.org/surefire/maven-surefire-plugin/xsd/surefire-test-report-3.0.xsd" version="3.0" name="com.trip.AuthRegisterIntegrationTests" time="0.413" tests="4" errors="0" skipped="0" failures="0">
  <properties>
[...]
</properties>
  <testcase name="registerShouldRejectDuplicateUsername" classname="com.trip.AuthRegisterIntegrationTests" time="0.136">
    <system-out><![CDATA[2026-05-07T17:25:07.884+08:00  INFO 34164 --- [trip-backend] [           main] t.c.s.AnnotationConfigContextLoaderUtils : Could not detect default configuration classes for test class [com.trip.AuthRegisterIntegrationTests]: AuthRegisterIntegrationTests does not declare any static, non-private, non-final, nested classes annotated with @Configuration.
2026-05-07T17:25:07.886+08:00  INFO 34164 --- [trip-backend] [           main] .b.t.c.SpringBootTestContextBootstrapper : Found @SpringBootConfiguration com.trip.TripApplication for test class com.trip.AuthRegisterIntegrationTests
2026-05-07T17:25:07.914+08:00 DEBUG 34164 --- [trip-backend] [           main] com.trip.mapper.UserMapper.selectCount   : ==>  Preparing: SELECT COUNT( * ) AS total FROM user WHERE (username = ?)
2026-05-07T17:25:07.914+08:00 DEBUG 34164 --- [trip-backend] [           main] com.trip.mapper.UserMapper.selectCount   : ==> Parameters: test_register_c028e2f5f5f9(String)
2026-05-07T17:25:07.917+08:00 DEBUG 34164 --- [trip-backend] [           main] com.trip.mapper.UserMapper.selectCount   : <==      Total: 1
2026-05-07T17:25:07.992+08:00 DEBUG 34164 --- [trip-backend] [           main] com.trip.mapper.UserMapper.insert        : ==>  Preparing: INSERT INTO user ( username, password_hash, nickname, role, status ) VALUES ( ?, ?, ?, ?, ? )
2026-05-07T17:25:07.994+08:00 DEBUG 34164 --- [trip-backend] [           main] com.trip.mapper.UserMapper.insert        : ==> Parameters: test_register_c028e2f5f5f9(String), $2a$10$foDZ4sQF1lnNXJAlVagpp.1BnRcqPcX04fShJ1gKmcBn5rsMOMMoq(String), 测试用户(String), user(String), 1(Integer)
2026-05-07T17:25:07.995+08:00 DEBUG 34164 --- [trip-backend] [           main] com.trip.mapper.UserMapper.insert        : <==    Updates: 1
2026-05-07T17:25:08.010+08:00 DEBUG 34164 --- [trip-backend] [           main] com.trip.mapper.UserMapper.selectCount   : ==>  Preparing: SELECT COUNT( * ) AS total FROM user WHERE (username = ?)
2026-05-07T17:25:08.010+08:00 DEBUG 34164 --- [trip-backend] [           main] com.trip.mapper.UserMapper.selectCount   : ==> Parameters: test_register_c028e2f5f5f9(String)
2026-05-07T17:25:08.013+08:00 DEBUG 34164 --- [trip-backend] [           main] com.trip.mapper.UserMapper.selectCount   : <==      Total: 1
2026-05-07T17:25:08.019+08:00 DEBUG 34164 --- [trip-backend] [           main] com.trip.mapper.UserMapper.delete        : ==>  Preparing: DELETE FROM user WHERE (username IN (?))
2026-05-07T17:25:08.020+08:00 DEBUG 34164 --- [trip-backend] [           main] com.trip.mapper.UserMapper.delete        : ==> Parameters: test_register_c028e2f5f5f9(String)
2026-05-07T17:25:08.025+08:00 DEBUG 34164 --- [trip-backend] [           main] com.trip.mapper.UserMapper.delete        : <==    Updates: 1
]]></system-out>
  </testcase>
  <testcase name="registerShouldCreateUserWithPasswordHash" classname="com.trip.AuthRegisterIntegrationTests" time="0.251">
    <system-out><![CDATA[2026-05-07T17:25:08.034+08:00 DEBUG 34164 --- [trip-backend] [           main] com.trip.mapper.UserMapper.selectCount   : ==>  Preparing: SELECT COUNT( * ) AS total FROM user WHERE (username = ?)
2026-05-07T17:25:08.035+08:00 DEBUG 34164 --- [trip-backend] [           main] com.trip.mapper.UserMapper.selectCount   : ==> Parameters: test_register_9915e0e337f8(String)
2026-05-07T17:25:08.037+08:00 DEBUG 34164 --- [trip-backend] [           main] com.trip.mapper.UserMapper.selectCount   : <==      Total: 1
2026-05-07T17:25:08.100+08:00 DEBUG 34164 --- [trip-backend] [           main] com.trip.mapper.UserMapper.insert        : ==>  Preparing: INSERT INTO user ( username, password_hash, nickname, role, status ) VALUES ( ?, ?, ?, ?, ? )
2026-05-07T17:25:08.101+08:00 DEBUG 34164 --- [trip-backend] [           main] com.trip.mapper.UserMapper.insert        : ==> Parameters: test_register_9915e0e337f8(String), $2a$10$FIcGknYMOwHGHU6i8ZaMgeQiWHYPgdWDbyZblhos.IxgOpk3eG0g2(String), 测试用户(String), user(String), 1(Integer)
2026-05-07T17:25:08.103+08:00 DEBUG 34164 --- [trip-backend] [           main] com.trip.mapper.UserMapper.insert        : <==    Updates: 1
2026-05-07T17:25:08.115+08:00 DEBUG 34164 --- [trip-backend] [           main] com.trip.mapper.UserMapper.selectList    : ==>  Preparing: SELECT id,username,password_hash,nickname,avatar_url,role,status,created_at,updated_at FROM user WHERE (username = ?)
2026-05-07T17:25:08.115+08:00 DEBUG 34164 --- [trip-backend] [           main] com.trip.mapper.UserMapper.selectList    : ==> Parameters: test_register_9915e0e337f8(String)
2026-05-07T17:25:08.119+08:00 DEBUG 34164 --- [trip-backend] [           main] com.trip.mapper.UserMapper.selectList    : <==      Total: 1
2026-05-07T17:25:08.272+08:00 DEBUG 34164 --- [trip-backend] [           main] com.trip.mapper.UserMapper.delete        : ==>  Preparing: DELETE FROM user WHERE (username IN (?))
2026-05-07T17:25:08.272+08:00 DEBUG 34164 --- [trip-backend] [           main] com.trip.mapper.UserMapper.delete        : ==> Parameters: test_register_9915e0e337f8(String)
2026-05-07T17:25:08.278+08:00 DEBUG 34164 --- [trip-backend] [           main] com.trip.mapper.UserMapper.delete        : <==    Updates: 1
]]></system-out>
  </testcase>
  <testcase name="registerShouldRejectBlankUsername" classname="com.trip.AuthRegisterIntegrationTests" time="0.007"/>
  <testcase name="registerShouldRejectInvalidUsernameCharacters" classname="com.trip.AuthRegisterIntegrationTests" time="0.007"/>
</testsuite>